2024-11-05 23:23:19,520 - INFO - Starting analysis...
2024-11-05 23:23:23,486 - INFO - Processing file: /Users/varneymusic/Library/CloudStorage/GoogleDrive-tardyon@gmail.com/My Drive/Varney_Code_Repository/Python Programs/Nearfield_Project/Nearfield_Analyzer/beam_image-2.tiff
2024-11-05 23:23:23,487 - INFO - Analysis started.
2024-11-05 23:23:23,504 - INFO - Metadata saved.
2024-11-05 23:23:23,562 - INFO - Image normalized.
2024-11-05 23:23:23,698 - INFO - Otsu threshold applied: -0.42578125
2024-11-05 23:23:23,915 - INFO - Largest region identified.
2024-11-05 23:23:23,936 - INFO - Ellipticity: 0.03049937580906989
2024-11-05 23:23:23,937 - INFO - Aspect Ratio: 0.9699587439696531
2024-11-05 23:23:23,937 - INFO - Eccentricity: 0.24326946992340182
2024-11-05 23:23:24,246 - INFO - Elliptical mask created.
2024-11-05 23:23:24,252 - INFO - Extracted 3852496 intensity values within the ellipse.
2024-11-05 23:23:24,255 - INFO - RMS Intensity: 0.2565934956073761
2024-11-05 23:23:24,256 - INFO - Mean Intensity: 0.10443191230297089
2024-11-05 23:23:24,260 - INFO - Intensity Variance: 0.05493415147066116
2024-11-05 23:23:24,261 - INFO - Intensity Standard Deviation: 0.2343803495168686
2024-11-05 23:23:24,261 - INFO - Peak-to-Min Range: 1.8834351301193237
2024-11-05 23:23:24,261 - INFO - Uniformity Index: -4.037042140960693
2024-11-05 23:23:24,282 - INFO - Intensity Skewness: -0.10356727242469788
2024-11-05 23:23:24,283 - INFO - Intensity Kurtosis: 0.05468249320983887
2024-11-05 23:23:24,283 - INFO - Coefficient of Variation: 2.2443363666534424
2024-11-05 23:23:24,306 - INFO - Entropy: 7.019244632441269
2024-11-05 23:23:24,330 - INFO - Signal-to-Noise Ratio: 1.1507028341293335
2024-11-05 23:23:24,330 - INFO - Contrast Ratio: -1.131945013999939
2024-11-05 23:23:24,445 - INFO - Mean Gradient Magnitude: 0.06051661819219589
2024-11-05 23:23:24,464 - INFO - GLCM Contrast: 0.0
2024-11-05 23:23:24,464 - INFO - GLCM Dissimilarity: 0.0
2024-11-05 23:23:24,464 - INFO - GLCM Homogeneity: 0.0
2024-11-05 23:23:24,464 - INFO - GLCM ASM: 0.0
2024-11-05 23:23:24,464 - INFO - GLCM Energy: 0.0
2024-11-05 23:23:24,464 - INFO - GLCM Correlation: 1.0
2024-11-05 23:23:24,902 - INFO - Mean Frequency Content: 129.78614807128906
2024-11-05 23:23:24,948 - INFO - Mean PSD: 253648.5625
2024-11-05 23:23:24,948 - INFO - Computing local standard deviation map...
2024-11-05 23:23:25,309 - INFO - Mean Local Standard Deviation: 0.0662975162267685
2024-11-05 23:23:25,310 - INFO - === Starting step-by-step execution ===
2024-11-05 23:23:36,790 - INFO - Computing Autocorrelation...
