2024-11-05 23:32:24,254 - INFO - Starting analysis...
2024-11-05 23:32:27,611 - INFO - Processing file: /Users/varneymusic/Library/CloudStorage/GoogleDrive-tardyon@gmail.com/My Drive/Varney_Code_Repository/Python Programs/Nearfield_Project/Nearfield_Analyzer/beam_image-2.tiff
2024-11-05 23:32:27,613 - INFO - Analysis started.
2024-11-05 23:32:27,642 - INFO - Metadata saved.
2024-11-05 23:32:27,706 - INFO - Image normalized.
2024-11-05 23:32:27,845 - INFO - Otsu threshold applied: -0.42578125
2024-11-05 23:32:28,061 - INFO - Largest region identified.
2024-11-05 23:32:28,082 - INFO - Ellipticity: 0.03049937580906989
2024-11-05 23:32:28,083 - INFO - Aspect Ratio: 0.9699587439696531
2024-11-05 23:32:28,083 - INFO - Eccentricity: 0.24326946992340182
2024-11-05 23:32:28,399 - INFO - Elliptical mask created.
2024-11-05 23:32:28,405 - INFO - Extracted 3852496 intensity values within the ellipse.
2024-11-05 23:32:28,410 - INFO - RMS Intensity: 0.2565934956073761
2024-11-05 23:32:28,412 - INFO - Mean Intensity: 0.10443191230297089
2024-11-05 23:32:28,417 - INFO - Intensity Variance: 0.05493415147066116
2024-11-05 23:32:28,417 - INFO - Intensity Standard Deviation: 0.2343803495168686
2024-11-05 23:32:28,418 - INFO - Peak-to-Min Range: 1.8834351301193237
2024-11-05 23:32:28,418 - INFO - Uniformity Index: -4.037042140960693
2024-11-05 23:32:28,437 - INFO - Intensity Skewness: -0.10356727242469788
2024-11-05 23:32:28,437 - INFO - Intensity Kurtosis: 0.05468249320983887
2024-11-05 23:32:28,437 - INFO - Coefficient of Variation: 2.2443363666534424
2024-11-05 23:32:28,463 - INFO - Entropy: 7.019244632441269
2024-11-05 23:32:28,486 - INFO - Signal-to-Noise Ratio: 1.1507028341293335
2024-11-05 23:32:28,487 - INFO - Contrast Ratio: -1.131945013999939
2024-11-05 23:32:28,597 - INFO - Mean Gradient Magnitude: 0.06051661819219589
2024-11-05 23:32:28,617 - INFO - GLCM Contrast: 0.0
2024-11-05 23:32:28,617 - INFO - GLCM Dissimilarity: 0.0
2024-11-05 23:32:28,617 - INFO - GLCM Homogeneity: 0.0
2024-11-05 23:32:28,618 - INFO - GLCM ASM: 0.0
2024-11-05 23:32:28,618 - INFO - GLCM Energy: 0.0
2024-11-05 23:32:28,618 - INFO - GLCM Correlation: 1.0
2024-11-05 23:32:29,056 - INFO - Mean Frequency Content: 129.78614807128906
2024-11-05 23:32:29,105 - INFO - Mean PSD: 253648.5625
2024-11-05 23:32:29,105 - INFO - Computing local standard deviation map...
2024-11-05 23:32:29,461 - INFO - Mean Local Standard Deviation: 0.0662975162267685
2024-11-05 23:32:29,461 - INFO - === Starting step-by-step execution ===
2024-11-05 23:32:29,462 - INFO - Skipping Autocorrelation calculation
2024-11-05 23:32:31,354 - INFO - Computing Wavelet Transform...
2024-11-05 23:32:31,602 - INFO - Wavelet Energy: 69.21572875976562
2024-11-05 23:32:34,181 - INFO - Starting Zernike Polynomial Analysis...
2024-11-05 23:32:34,328 - INFO - Affine transformation applied to map ellipse to circle.
2024-11-05 23:32:34,592 - ERROR - Error computing Zernike moments: cannot import name 'moments_zernike' from 'skimage.measure' (/Users/varneymusic/Library/CloudStorage/GoogleDrive-tardyon@gmail.com/My Drive/Varney_Code_Repository/Python Programs/Nearfield_Project/Nearfield_Analyzer/.conda/lib/python3.12/site-packages/skimage/measure/__init__.py)
2024-11-05 23:32:39,548 - INFO - Computing Beam Quality Factor...
2024-11-05 23:32:39,637 - INFO - Beam Radius (Second Moment): nan
2024-11-05 23:32:42,646 - INFO - Smoothness Index: 5.5647233239142224e-05
2024-11-05 23:32:45,622 - INFO - Edge Slope: 0.06646519154310226
2024-11-05 23:32:49,695 - INFO - Edge Variance: 0.0011202438035979867
2024-11-05 23:32:52,168 - INFO - Histogram Peak: 53611
2024-11-05 23:32:54,815 - INFO - Horizontal Profile Deviation: 0.5585159659385681
2024-11-05 23:32:54,815 - INFO - Vertical Profile Deviation: 0.5452433824539185
2024-11-05 23:33:00,620 - INFO - Number of Peaks: 1283844
2024-11-05 23:33:00,621 - INFO - Number of Troughs: 1283845
2024-11-05 23:33:05,893 - INFO - Starting Heatmap of Regional Intensity Averages.
2024-11-05 23:33:21,894 - INFO - Intensity grid computed.
2024-11-05 23:33:21,894 - INFO - Grid Intensity Variance: 0.036360888809710834
2024-11-05 23:33:30,758 - INFO - Mean Region-to-Region Difference: 0.13884095720445308
2024-11-05 23:33:33,493 - INFO - Saving results...
2024-11-05 23:33:33,501 - INFO - Results saved to /Users/varneymusic/Library/CloudStorage/GoogleDrive-tardyon@gmail.com/My Drive/Varney_Code_Repository/Python Programs/Nearfield_Project/Nearfield_Analyzer/output/results_20241105_233333.csv
2024-11-05 23:33:33,501 - INFO - Metadata saved to /Users/varneymusic/Library/CloudStorage/GoogleDrive-tardyon@gmail.com/My Drive/Varney_Code_Repository/Python Programs/Nearfield_Project/Nearfield_Analyzer/output/beam_image-2_metadata.txt
2024-11-05 23:33:33,501 - INFO - Analysis completed.
